<?xml version="1.0" encoding="UTF-8"?>
<testsuite xmlns:xsi="http://www.w3.org/2001/XMLSchema-instance" xsi:noNamespaceSchemaLocation="https://maven.apache.org/surefire/maven-surefire-plugin/xsd/surefire-test-report-3.0.xsd" version="3.0" name="post.model.CommentTest" time="0.024" tests="7" errors="0" skipped="0" failures="0">
  <properties>
[...]
</properties>
  <testcase name="shouldUpdateCountsWhenAVoteIsRemoved" classname="post.model.CommentTest" time="0.005"/>
  <testcase name="shouldSupportNestedRepliesTree" classname="post.model.CommentTest" time="0.002"/>
  <testcase name="shouldAddAndMaintainMultipleReplies" classname="post.model.CommentTest" time="0.001"/>
  <testcase name="shouldCreateCommentWithInitialDefaults" classname="post.model.CommentTest" time="0.003"/>
  <testcase name="shouldUpdateVoteCounts" classname="post.model.CommentTest" time="0.001"/>
  <testcase name="shouldReplaceVoteCountsWhenTheyAreRefreshed" classname="post.model.CommentTest" time="0.001"/>
  <testcase name="shouldExposeVoteCountsProvidedByTheServer" classname="post.model.CommentTest" time="0.002"/>
</testsuite>